# JRE version: Java(TM) SE Runtime Environment (8.0_101-b13) (build 1.8.0_101-b13)
# Java VM: Java HotSpot(TM) 64-Bit Server VM (25.101-b13 mixed mode bsd-amd64 compressed oops)
Heap:
 PSYoungGen      total 120832K, used 34503K [0x0000000795580000, 0x00000007a0e80000, 0x00000007c0000000)
  eden space 116224K, 25% used [0x0000000795580000,0x00000007972b3100,0x000000079c700000)
  from space 4608K, 99% used [0x00000007a0a00000,0x00000007a0e7ec40,0x00000007a0e80000)
  to   space 7168K, 0% used [0x00000007a0080000,0x00000007a0080000,0x00000007a0780000)
 ParOldGen       total 49664K, used 12318K [0x0000000740000000, 0x0000000743080000, 0x0000000795580000)
  object space 49664K, 24% used [0x0000000740000000,0x0000000740c07928,0x0000000743080000)
 Metaspace       used 26900K, capacity 27106K, committed 27520K, reserved 1073152K
  class space    used 3296K, capacity 3362K, committed 3456K, reserved 1048576K
GC Heap History (10 events):
Event: 1381.507 GC heap before
{Heap before GC invocations=21 (full 1):
 PSYoungGen      total 144896K, used 144443K [0x0000000795580000, 0x00000007a1880000, 0x00000007c0000000)
  eden space 139776K, 100% used [0x0000000795580000,0x000000079de00000,0x000000079de00000)
  from space 5120K, 91% used [0x00000007a0f80000,0x00000007a140ec40,0x00000007a1480000)
  to   space 4096K, 0% used [0x00000007a1480000,0x00000007a1480000,0x00000007a1880000)
 ParOldGen       total 49664K, used 10164K [0x0000000740000000, 0x0000000743080000, 0x0000000795580000)
  object space 49664K, 20% used [0x0000000740000000,0x00000007409ed3c0,0x0000000743080000)
 Metaspace       used 26842K, capacity 27106K, committed 27520K, reserved 1073152K
  class space    used 3296K, capacity 3362K, committed 3456K, reserved 1048576K
Event: 1381.512 GC heap after
Heap after GC invocations=21 (full 1):
 PSYoungGen      total 138752K, used 4091K [0x0000000795580000, 0x00000007a1880000, 0x00000007c0000000)
  eden space 134656K, 0% used [0x0000000795580000,0x0000000795580000,0x000000079d900000)
  from space 4096K, 99% used [0x00000007a1480000,0x00000007a187ec40,0x00000007a1880000)
  to   space 7680K, 0% used [0x00000007a0980000,0x00000007a0980000,0x00000007a1100000)
 ParOldGen       total 49664K, used 10884K [0x0000000740000000, 0x0000000743080000, 0x0000000795580000)
  object space 49664K, 21% used [0x0000000740000000,0x0000000740aa13c0,0x0000000743080000)
 Metaspace       used 26842K, capacity 27106K, committed 27520K, reserved 1073152K
  class space    used 3296K, capacity 3362K, committed 3456K, reserved 1048576K
}
Event: 1390.252 GC heap before
{Heap before GC invocations=22 (full 1):
 PSYoungGen      total 138752K, used 138747K [0x0000000795580000, 0x00000007a1880000, 0x00000007c0000000)
  eden space 134656K, 100% used [0x0000000795580000,0x000000079d900000,0x000000079d900000)
  from space 4096K, 99% used [0x00000007a1480000,0x00000007a187ec40,0x00000007a1880000)
  to   space 7680K, 0% used [0x00000007a0980000,0x00000007a0980000,0x00000007a1100000)
 ParOldGen       total 49664K, used 10884K [0x0000000740000000, 0x0000000743080000, 0x0000000795580000)
  object space 49664K, 21% used [0x0000000740000000,0x0000000740aa13c0,0x0000000743080000)
 Metaspace       used 26864K, capacity 27106K, committed 27520K, reserved 1073152K
  class space    used 3296K, capacity 3362K, committed 3456K, reserved 1048576K
Event: 1390.258 GC heap after
Heap after GC invocations=22 (full 1):
 PSYoungGen      total 133632K, used 4059K [0x0000000795580000, 0x00000007a1500000, 0x00000007c0000000)
  eden space 129536K, 0% used [0x0000000795580000,0x0000000795580000,0x000000079d400000)
  from space 4096K, 99% used [0x00000007a0980000,0x00000007a0d76c40,0x00000007a0d80000)
  to   space 7168K, 0% used [0x00000007a0e00000,0x00000007a0e00000,0x00000007a1500000)
 ParOldGen       total 49664K, used 11653K [0x0000000740000000, 0x0000000743080000, 0x0000000795580000)
  object space 49664K, 23% used [0x0000000740000000,0x0000000740b61400,0x0000000743080000)
 Metaspace       used 26864K, capacity 27106K, committed 27520K, reserved 1073152K
  class space    used 3296K, capacity 3362K, committed 3456K, reserved 1048576K
}
Event: 1396.767 GC heap before
{Heap before GC invocations=23 (full 1):
 PSYoungGen      total 133632K, used 133595K [0x0000000795580000, 0x00000007a1500000, 0x00000007c0000000)
  eden space 129536K, 100% used [0x0000000795580000,0x000000079d400000,0x000000079d400000)
  from space 4096K, 99% used [0x00000007a0980000,0x00000007a0d76c40,0x00000007a0d80000)
  to   space 7168K, 0% used [0x00000007a0e00000,0x00000007a0e00000,0x00000007a1500000)
 ParOldGen       total 49664K, used 11653K [0x0000000740000000, 0x0000000743080000, 0x0000000795580000)
  object space 49664K, 23% used [0x0000000740000000,0x0000000740b61400,0x0000000743080000)
 Metaspace       used 26869K, capacity 27106K, committed 27520K, reserved 1073152K
  class space    used 3296K, capacity 3362K, committed 3456K, reserved 1048576K
Event: 1396.771 GC heap after
Heap after GC invocations=23 (full 1):
 PSYoungGen      total 129536K, used 4187K [0x0000000795580000, 0x00000007a1280000, 0x00000007c0000000)
  eden space 124928K, 0% used [0x0000000795580000,0x0000000795580000,0x000000079cf80000)
  from space 4608K, 90% used [0x00000007a0e00000,0x00000007a1216c40,0x00000007a1280000)
  to   space 7168K, 0% used [0x00000007a0480000,0x00000007a0480000,0x00000007a0b80000)
 ParOldGen       total 49664K, used 11661K [0x0000000740000000, 0x0000000743080000, 0x0000000795580000)
  object space 49664K, 23% used [0x0000000740000000,0x0000000740b63400,0x0000000743080000)
 Metaspace       used 26869K, capacity 27106K, committed 27520K, reserved 1073152K
  class space    used 3296K, capacity 3362K, committed 3456K, reserved 1048576K
}
Event: 1408.479 GC heap before
{Heap before GC invocations=24 (full 1):
 PSYoungGen      total 129536K, used 129115K [0x0000000795580000, 0x00000007a1280000, 0x00000007c0000000)
  eden space 124928K, 100% used [0x0000000795580000,0x000000079cf80000,0x000000079cf80000)
  from space 4608K, 90% used [0x00000007a0e00000,0x00000007a1216c40,0x00000007a1280000)
  to   space 7168K, 0% used [0x00000007a0480000,0x00000007a0480000,0x00000007a0b80000)
 ParOldGen       total 49664K, used 11661K [0x0000000740000000, 0x0000000743080000, 0x0000000795580000)
  object space 49664K, 23% used [0x0000000740000000,0x0000000740b63400,0x0000000743080000)
 Metaspace       used 26891K, capacity 27106K, committed 27520K, reserved 1073152K
  class space    used 3296K, capacity 3362K, committed 3456K, reserved 1048576K
Event: 1408.485 GC heap after
Heap after GC invocations=24 (full 1):
 PSYoungGen      total 125952K, used 5179K [0x0000000795580000, 0x00000007a0e80000, 0x00000007c0000000)
  eden space 120320K, 0% used [0x0000000795580000,0x0000000795580000,0x000000079cb00000)
  from space 5632K, 91% used [0x00000007a0480000,0x00000007a098ec40,0x00000007a0a00000)
  to   space 4608K, 0% used [0x00000007a0a00000,0x00000007a0a00000,0x00000007a0e80000)
 ParOldGen       total 49664K, used 11661K [0x0000000740000000, 0x0000000743080000, 0x0000000795580000)
  object space 49664K, 23% used [0x0000000740000000,0x0000000740b63400,0x0000000743080000)
 Metaspace       used 26891K, capacity 27106K, committed 27520K, reserved 1073152K
  class space    used 3296K, capacity 3362K, committed 3456K, reserved 1048576K
}
Event: 1426.902 GC heap before
{Heap before GC invocations=25 (full 1):
 PSYoungGen      total 125952K, used 125499K [0x0000000795580000, 0x00000007a0e80000, 0x00000007c0000000)
  eden space 120320K, 100% used [0x0000000795580000,0x000000079cb00000,0x000000079cb00000)
  from space 5632K, 91% used [0x00000007a0480000,0x00000007a098ec40,0x00000007a0a00000)
  to   space 4608K, 0% used [0x00000007a0a00000,0x00000007a0a00000,0x00000007a0e80000)
 ParOldGen       total 49664K, used 11661K [0x0000000740000000, 0x0000000743080000, 0x0000000795580000)
  object space 49664K, 23% used [0x0000000740000000,0x0000000740b63400,0x0000000743080000)
 Metaspace       used 26894K, capacity 27106K, committed 27520K, reserved 1073152K
  class space    used 3296K, capacity 3362K, committed 3456K, reserved 1048576K
Event: 1426.907 GC heap after
Heap after GC invocations=25 (full 1):
 PSYoungGen      total 120832K, used 4603K [0x0000000795580000, 0x00000007a0e80000, 0x00000007c0000000)
  eden space 116224K, 0% used [0x0000000795580000,0x0000000795580000,0x000000079c700000)
  from space 4608K, 99% used [0x00000007a0a00000,0x00000007a0e7ec40,0x00000007a0e80000)
  to   space 7168K, 0% used [0x00000007a0080000,0x00000007a0080000,0x00000007a0780000)
 ParOldGen       total 49664K, used 12318K [0x0000000740000000, 0x0000000743080000, 0x0000000795580000)
  object space 49664K, 24% used [0x0000000740000000,0x0000000740c07928,0x0000000743080000)
 Metaspace       used 26894K, capacity 27106K, committed 27520K, reserved 1073152K
  class space    used 3296K, capacity 3362K, committed 3456K, reserved 1048576K
}

